<?xml version="1.0" encoding="UTF-8"?><testrun name="ModelTesting_InputGenerator (1)" project="VertTech_RuntimeTesting" tests="1" started="1" failures="0" errors="1" ignored="0">
  <testsuite name="inputGenerator.ModelTesting_InputGenerator" time="1.197">
    <testcase name="LiftSystemModelRunner" classname="inputGenerator.ModelTesting_InputGenerator" time="1.198">
      <error>nz.ac.waikato.modeljunit.TestFailureException: failure in action verifyBehaviour from state VALID due to junit.framework.AssertionFailedError: Lift is moving when no tasks are present expected:&lt;false&gt; but was:&lt;true&gt;&#13;
	at nz.ac.waikato.modeljunit.timing.TimedModel.createTestFailure(TimedModel.java:275)&#13;
	at nz.ac.waikato.modeljunit.timing.TimedModel.doAction(TimedModel.java:202)&#13;
	at nz.ac.waikato.modeljunit.RandomTester.doRandomAction(RandomTester.java:147)&#13;
	at nz.ac.waikato.modeljunit.GreedyTester.doGreedyRandomAction(GreedyTester.java:106)&#13;
	at nz.ac.waikato.modeljunit.GreedyTester.doGreedyRandomActionOrReset(GreedyTester.java:117)&#13;
	at nz.ac.waikato.modeljunit.GreedyTester.generate(GreedyTester.java:128)&#13;
	at nz.ac.waikato.modeljunit.Tester.generate(Tester.java:192)&#13;
	at inputGenerator.ModelTesting_InputGenerator.LiftSystemModelRunner(ModelTesting_InputGenerator.java:269)&#13;
	at sun.reflect.NativeMethodAccessorImpl.invoke0(Native Method)&#13;
	at sun.reflect.NativeMethodAccessorImpl.invoke(Unknown Source)&#13;
	at sun.reflect.DelegatingMethodAccessorImpl.invoke(Unknown Source)&#13;
	at java.lang.reflect.Method.invoke(Unknown Source)&#13;
	at org.junit.internal.runners.TestMethod.invoke(TestMethod.java:59)&#13;
	at org.junit.internal.runners.MethodRoadie.runTestMethod(MethodRoadie.java:98)&#13;
	at org.junit.internal.runners.MethodRoadie$2.run(MethodRoadie.java:79)&#13;
	at org.junit.internal.runners.MethodRoadie.runBeforesThenTestThenAfters(MethodRoadie.java:87)&#13;
	at org.junit.internal.runners.MethodRoadie.runTest(MethodRoadie.java:77)&#13;
	at org.junit.internal.runners.MethodRoadie.run(MethodRoadie.java:42)&#13;
	at org.junit.internal.runners.JUnit4ClassRunner.invokeTestMethod(JUnit4ClassRunner.java:88)&#13;
	at org.junit.internal.runners.JUnit4ClassRunner.runMethods(JUnit4ClassRunner.java:51)&#13;
	at org.junit.internal.runners.JUnit4ClassRunner$1.run(JUnit4ClassRunner.java:44)&#13;
	at org.junit.internal.runners.ClassRoadie.runUnprotected(ClassRoadie.java:27)&#13;
	at org.junit.internal.runners.ClassRoadie.runProtected(ClassRoadie.java:37)&#13;
	at org.junit.internal.runners.JUnit4ClassRunner.run(JUnit4ClassRunner.java:42)&#13;
	at org.eclipse.jdt.internal.junit4.runner.JUnit4TestReference.run(JUnit4TestReference.java:50)&#13;
	at org.eclipse.jdt.internal.junit.runner.TestExecution.run(TestExecution.java:38)&#13;
	at org.eclipse.jdt.internal.junit.runner.RemoteTestRunner.runTests(RemoteTestRunner.java:459)&#13;
	at org.eclipse.jdt.internal.junit.runner.RemoteTestRunner.runTests(RemoteTestRunner.java:675)&#13;
	at org.eclipse.jdt.internal.junit.runner.RemoteTestRunner.run(RemoteTestRunner.java:382)&#13;
	at org.eclipse.jdt.internal.junit.runner.RemoteTestRunner.main(RemoteTestRunner.java:192)&#13;
&#13;
</error>
    </testcase>
  </testsuite>
</testrun>
