<?xml version="1.0" encoding="UTF-8"?><testrun name="MyCoffeeMachine (1)" project="VertTech_RuntimeTesting" tests="2" started="2" failures="0" errors="1" ignored="0">
  <testsuite name="com.uom.cps3225.CoffeeMachineModel" time="1.04">
    <testcase name="main" classname="com.uom.cps3225.CoffeeMachineModel" time="1.04">
      <error>java.io.FileNotFoundException: \home\niki\Desktop\output.dot (The system cannot find the path specified)&#13;
	at java.io.FileOutputStream.open0(Native Method)&#13;
	at java.io.FileOutputStream.open(Unknown Source)&#13;
	at java.io.FileOutputStream.&lt;init&gt;(Unknown Source)&#13;
	at java.io.FileOutputStream.&lt;init&gt;(Unknown Source)&#13;
	at java.io.PrintWriter.&lt;init&gt;(Unknown Source)&#13;
	at nz.ac.waikato.modeljunit.GraphListener.printGraphDot(GraphListener.java:264)&#13;
	at com.uom.cps3225.CoffeeMachineModel.main(CoffeeMachineModel.java:129)&#13;
	at sun.reflect.NativeMethodAccessorImpl.invoke0(Native Method)&#13;
	at sun.reflect.NativeMethodAccessorImpl.invoke(Unknown Source)&#13;
	at sun.reflect.DelegatingMethodAccessorImpl.invoke(Unknown Source)&#13;
	at java.lang.reflect.Method.invoke(Unknown Source)&#13;
	at org.junit.internal.runners.TestMethod.invoke(TestMethod.java:59)&#13;
	at org.junit.internal.runners.MethodRoadie.runTestMethod(MethodRoadie.java:98)&#13;
	at org.junit.internal.runners.MethodRoadie$2.run(MethodRoadie.java:79)&#13;
	at org.junit.internal.runners.MethodRoadie.runBeforesThenTestThenAfters(MethodRoadie.java:87)&#13;
	at org.junit.internal.runners.MethodRoadie.runTest(MethodRoadie.java:77)&#13;
	at org.junit.internal.runners.MethodRoadie.run(MethodRoadie.java:42)&#13;
	at org.junit.internal.runners.JUnit4ClassRunner.invokeTestMethod(JUnit4ClassRunner.java:88)&#13;
	at org.junit.internal.runners.JUnit4ClassRunner.runMethods(JUnit4ClassRunner.java:51)&#13;
	at org.junit.internal.runners.JUnit4ClassRunner$1.run(JUnit4ClassRunner.java:44)&#13;
	at org.junit.internal.runners.ClassRoadie.runUnprotected(ClassRoadie.java:27)&#13;
	at org.junit.internal.runners.ClassRoadie.runProtected(ClassRoadie.java:37)&#13;
	at org.junit.internal.runners.JUnit4ClassRunner.run(JUnit4ClassRunner.java:42)&#13;
	at org.eclipse.jdt.internal.junit4.runner.JUnit4TestReference.run(JUnit4TestReference.java:50)&#13;
	at org.eclipse.jdt.internal.junit.runner.TestExecution.run(TestExecution.java:38)&#13;
	at org.eclipse.jdt.internal.junit.runner.RemoteTestRunner.runTests(RemoteTestRunner.java:459)&#13;
	at org.eclipse.jdt.internal.junit.runner.RemoteTestRunner.runTests(RemoteTestRunner.java:675)&#13;
	at org.eclipse.jdt.internal.junit.runner.RemoteTestRunner.run(RemoteTestRunner.java:382)&#13;
	at org.eclipse.jdt.internal.junit.runner.RemoteTestRunner.main(RemoteTestRunner.java:192)&#13;
&#13;
</error>
    </testcase>
  </testsuite>
  <testsuite name="inputGenerator.ModelTesting_InputGenerator" time="101.727">
    <testcase name="LiftSystemModelRunner" classname="inputGenerator.ModelTesting_InputGenerator" time="101.727"/>
  </testsuite>
</testrun>
